[debug] [2021-08-02T16:36:40.248Z] ----------------------------------------------------------------------
[debug] [2021-08-02T16:36:40.251Z] Command:       C:\Program Files\nodejs\node.exe A:\Svelte\sveltekit-webpool\node_modules\firebase-tools\lib\bin\firebase.js emulators:start --only functions
[debug] [2021-08-02T16:36:40.251Z] CLI Version:   9.16.0
[debug] [2021-08-02T16:36:40.251Z] Platform:      win32
[debug] [2021-08-02T16:36:40.251Z] Node Version:  v16.0.0
[debug] [2021-08-02T16:36:40.252Z] Time:          Mon Aug 02 2021 12:36:40 GMT-0400 (Eastern Daylight Time)
[debug] [2021-08-02T16:36:40.252Z] ----------------------------------------------------------------------
[debug] 
[debug] [2021-08-02T16:36:40.304Z] > command requires scopes: ["email","openid","https://www.googleapis.com/auth/cloudplatformprojects.readonly","https://www.googleapis.com/auth/firebase","https://www.googleapis.com/auth/cloud-platform"]
[debug] [2021-08-02T16:36:40.304Z] > authorizing via signed-in user (jrmoynihan@gmail.com)
[info] i  emulators: Starting emulators: functions {"metadata":{"emulator":{"name":"hub"},"message":"Starting emulators: functions"}}
[debug] [2021-08-02T16:36:40.322Z] [hub] writing locator at C:\Users\jrmoy\AppData\Local\Temp\hub-tonyswebpool.json
[warn] !  functions: The following emulators are not running, calls to these services from the Functions emulator will affect production: auth, firestore, database, hosting, pubsub, storage {"metadata":{"emulator":{"name":"functions"},"message":"The following emulators are not running, calls to these services from the Functions emulator will affect production: \u001b[1mauth, firestore, database, hosting, pubsub, storage\u001b[22m"}}
[warn] !  Your requested "node" version "14" doesn't match your global version "16" {"metadata":{"emulator":{"name":"functions"},"message":"Your requested \"node\" version \"14\" doesn't match your global version \"16\""}}
[debug] [2021-08-02T16:36:40.345Z] defaultcredentials: writing to file C:\Users\jrmoy\AppData\Roaming\firebase\jrmoynihan_gmail_com_application_default_credentials.json
[debug] [2021-08-02T16:36:40.346Z] Setting GAC to C:\Users\jrmoy\AppData\Roaming\firebase\jrmoynihan_gmail_com_application_default_credentials.json {"metadata":{"emulator":{"name":"functions"},"message":"Setting GAC to C:\\Users\\jrmoy\\AppData\\Roaming\\firebase\\jrmoynihan_gmail_com_application_default_credentials.json"}}
[debug] [2021-08-02T16:36:40.348Z] >>> [apiv2][query] GET https://firebase.googleapis.com/v1beta1/projects/tonyswebpool/adminSdkConfig [none]
[debug] [2021-08-02T16:36:40.656Z] <<< [apiv2][status] GET https://firebase.googleapis.com/v1beta1/projects/tonyswebpool/adminSdkConfig 200
[debug] [2021-08-02T16:36:40.656Z] <<< [apiv2][body] GET https://firebase.googleapis.com/v1beta1/projects/tonyswebpool/adminSdkConfig {"projectId":"tonyswebpool","databaseURL":"https://tonyswebpool.firebaseio.com","storageBucket":"tonyswebpool.appspot.com","locationId":"us-east4"}
[debug] [2021-08-02T16:36:40.674Z] Ignoring unsupported arg: auto_download {"metadata":{"emulator":{"name":"ui"},"message":"Ignoring unsupported arg: auto_download"}}
[debug] [2021-08-02T16:36:40.674Z] Ignoring unsupported arg: port {"metadata":{"emulator":{"name":"ui"},"message":"Ignoring unsupported arg: port"}}
[debug] [2021-08-02T16:36:40.674Z] Starting Emulator UI with command {"binary":"node","args":["C:\\Users\\jrmoy\\.cache\\firebase\\emulators\\ui-v1.6.0\\server.bundle.js"],"optionalArgs":[],"joinArgs":false} {"metadata":{"emulator":{"name":"ui"},"message":"Starting Emulator UI with command {\"binary\":\"node\",\"args\":[\"C:\\\\Users\\\\jrmoy\\\\.cache\\\\firebase\\\\emulators\\\\ui-v1.6.0\\\\server.bundle.js\"],\"optionalArgs\":[],\"joinArgs\":false}"}}
[info] i  ui: Emulator UI logging to ui-debug.log {"metadata":{"emulator":{"name":"ui"},"message":"Emulator UI logging to \u001b[1mui-debug.log\u001b[22m"}}
[debug] [2021-08-02T16:36:40.775Z] Web / API server started at localhost:4000
 {"metadata":{"emulator":{"name":"ui"},"message":"Web / API server started at localhost:4000\n"}}
[info] i  functions: Watching "A:\Svelte\sveltekit-webpool\functions" for Cloud Functions... {"metadata":{"emulator":{"name":"functions"},"message":"Watching \"A:\\Svelte\\sveltekit-webpool\\functions\" for Cloud Functions..."}}
[debug] [2021-08-02T16:36:40.947Z] [worker-pool] addWorker(~diagnostic~) {"metadata":{"emulator":{"name":"functions"},"message":"[worker-pool] addWorker(~diagnostic~)"}}
[debug] [2021-08-02T16:36:40.947Z] [worker-pool] Adding worker with key ~diagnostic~, total=1 {"metadata":{"emulator":{"name":"functions"},"message":"[worker-pool] Adding worker with key ~diagnostic~, total=1"}}
[debug] [2021-08-02T16:36:40.947Z] [worker-pool] submitWork(triggerId=) {"metadata":{"emulator":{"name":"functions"},"message":"[worker-pool] submitWork(triggerId=)"}}
[debug] [2021-08-02T16:36:40.947Z] [worker-~diagnostic~-c2b48b2a-1785-45ed-9267-767b92b01100]: Assigning socketPath: \\?\pipe\A:\Svelte\sveltekit-webpool\functions\27408 {"metadata":{"emulator":{"name":"functions"},"message":"[worker-~diagnostic~-c2b48b2a-1785-45ed-9267-767b92b01100]: Assigning socketPath: \\\\?\\pipe\\A:\\Svelte\\sveltekit-webpool\\functions\\27408"}}
[debug] [2021-08-02T16:36:40.947Z] [worker-~diagnostic~-c2b48b2a-1785-45ed-9267-767b92b01100]: BUSY {"metadata":{"emulator":{"name":"functions"},"message":"[worker-~diagnostic~-c2b48b2a-1785-45ed-9267-767b92b01100]: BUSY"}}
[debug] [2021-08-02T16:36:41.122Z] [runtime-status] [27408] Functions runtime initialized. {"cwd":"A:\\Svelte\\sveltekit-webpool\\functions","node_version":"16.0.0"} {"metadata":{"emulator":{"name":"functions"},"message":"[runtime-status] [27408] Functions runtime initialized. {\"cwd\":\"A:\\\\Svelte\\\\sveltekit-webpool\\\\functions\",\"node_version\":\"16.0.0\"}"}}
[debug] [2021-08-02T16:36:41.122Z] [runtime-status] [27408] Disabled runtime features: undefined {"metadata":{"emulator":{"name":"functions"},"message":"[runtime-status] [27408] Disabled runtime features: undefined"}}
[debug] [2021-08-02T16:36:41.124Z] [runtime-status] [27408] Resolved module firebase-admin {"declared":true,"installed":true,"version":"9.11.0","resolution":"A:\\Svelte\\sveltekit-webpool\\functions\\node_modules\\firebase-admin\\lib\\index.js"} {"metadata":{"emulator":{"name":"functions"},"message":"[runtime-status] [27408] Resolved module firebase-admin {\"declared\":true,\"installed\":true,\"version\":\"9.11.0\",\"resolution\":\"A:\\\\Svelte\\\\sveltekit-webpool\\\\functions\\\\node_modules\\\\firebase-admin\\\\lib\\\\index.js\"}"}}
[debug] [2021-08-02T16:36:41.126Z] [runtime-status] [27408] Resolved module firebase-functions {"declared":true,"installed":true,"version":"3.14.1","resolution":"A:\\Svelte\\sveltekit-webpool\\functions\\node_modules\\firebase-functions\\lib\\index.js"} {"metadata":{"emulator":{"name":"functions"},"message":"[runtime-status] [27408] Resolved module firebase-functions {\"declared\":true,\"installed\":true,\"version\":\"3.14.1\",\"resolution\":\"A:\\\\Svelte\\\\sveltekit-webpool\\\\functions\\\\node_modules\\\\firebase-functions\\\\lib\\\\index.js\"}"}}
[debug] [2021-08-02T16:36:41.127Z] [runtime-status] [27408] Resolved module firebase-functions {"declared":true,"installed":true,"version":"3.14.1","resolution":"A:\\Svelte\\sveltekit-webpool\\functions\\node_modules\\firebase-functions\\lib\\index.js"} {"metadata":{"emulator":{"name":"functions"},"message":"[runtime-status] [27408] Resolved module firebase-functions {\"declared\":true,\"installed\":true,\"version\":\"3.14.1\",\"resolution\":\"A:\\\\Svelte\\\\sveltekit-webpool\\\\functions\\\\node_modules\\\\firebase-functions\\\\lib\\\\index.js\"}"}}
[debug] [2021-08-02T16:36:41.129Z] [runtime-status] [27408] Outgoing network have been stubbed. [{"name":"http","status":"mocked"},{"name":"http","status":"mocked"},{"name":"https","status":"mocked"},{"name":"https","status":"mocked"},{"name":"net","status":"mocked"}] {"metadata":{"emulator":{"name":"functions"},"message":"[runtime-status] [27408] Outgoing network have been stubbed. [{\"name\":\"http\",\"status\":\"mocked\"},{\"name\":\"http\",\"status\":\"mocked\"},{\"name\":\"https\",\"status\":\"mocked\"},{\"name\":\"https\",\"status\":\"mocked\"},{\"name\":\"net\",\"status\":\"mocked\"}]"}}
[debug] [2021-08-02T16:36:41.129Z] [runtime-status] [27408] Resolved module firebase-functions {"declared":true,"installed":true,"version":"3.14.1","resolution":"A:\\Svelte\\sveltekit-webpool\\functions\\node_modules\\firebase-functions\\lib\\index.js"} {"metadata":{"emulator":{"name":"functions"},"message":"[runtime-status] [27408] Resolved module firebase-functions {\"declared\":true,\"installed\":true,\"version\":\"3.14.1\",\"resolution\":\"A:\\\\Svelte\\\\sveltekit-webpool\\\\functions\\\\node_modules\\\\firebase-functions\\\\lib\\\\index.js\"}"}}
[debug] [2021-08-02T16:36:41.167Z] [runtime-status] [27408] Checked functions.config() {"config":{}} {"metadata":{"emulator":{"name":"functions"},"message":"[runtime-status] [27408] Checked functions.config() {\"config\":{}}"}}
[debug] [2021-08-02T16:36:41.168Z] [runtime-status] [27408] firebase-functions has been stubbed. {"functionsResolution":{"declared":true,"installed":true,"version":"3.14.1","resolution":"A:\\Svelte\\sveltekit-webpool\\functions\\node_modules\\firebase-functions\\lib\\index.js"}} {"metadata":{"emulator":{"name":"functions"},"message":"[runtime-status] [27408] firebase-functions has been stubbed. {\"functionsResolution\":{\"declared\":true,\"installed\":true,\"version\":\"3.14.1\",\"resolution\":\"A:\\\\Svelte\\\\sveltekit-webpool\\\\functions\\\\node_modules\\\\firebase-functions\\\\lib\\\\index.js\"}}"}}
[debug] [2021-08-02T16:36:41.168Z] [runtime-status] [27408] Resolved module firebase-functions {"declared":true,"installed":true,"version":"3.14.1","resolution":"A:\\Svelte\\sveltekit-webpool\\functions\\node_modules\\firebase-functions\\lib\\index.js"} {"metadata":{"emulator":{"name":"functions"},"message":"[runtime-status] [27408] Resolved module firebase-functions {\"declared\":true,\"installed\":true,\"version\":\"3.14.1\",\"resolution\":\"A:\\\\Svelte\\\\sveltekit-webpool\\\\functions\\\\node_modules\\\\firebase-functions\\\\lib\\\\index.js\"}"}}
[debug] [2021-08-02T16:36:41.169Z] [runtime-status] [27408] Resolved module firebase-admin {"declared":true,"installed":true,"version":"9.11.0","resolution":"A:\\Svelte\\sveltekit-webpool\\functions\\node_modules\\firebase-admin\\lib\\index.js"} {"metadata":{"emulator":{"name":"functions"},"message":"[runtime-status] [27408] Resolved module firebase-admin {\"declared\":true,\"installed\":true,\"version\":\"9.11.0\",\"resolution\":\"A:\\\\Svelte\\\\sveltekit-webpool\\\\functions\\\\node_modules\\\\firebase-admin\\\\lib\\\\index.js\"}"}}
[debug] [2021-08-02T16:36:41.169Z] [runtime-status] [27408] Resolved module firebase-functions {"declared":true,"installed":true,"version":"3.14.1","resolution":"A:\\Svelte\\sveltekit-webpool\\functions\\node_modules\\firebase-functions\\lib\\index.js"} {"metadata":{"emulator":{"name":"functions"},"message":"[runtime-status] [27408] Resolved module firebase-functions {\"declared\":true,\"installed\":true,\"version\":\"3.14.1\",\"resolution\":\"A:\\\\Svelte\\\\sveltekit-webpool\\\\functions\\\\node_modules\\\\firebase-functions\\\\lib\\\\index.js\"}"}}
[debug] [2021-08-02T16:36:41.170Z] [runtime-status] [27408] firebase-admin has been stubbed. {"adminResolution":{"declared":true,"installed":true,"version":"9.11.0","resolution":"A:\\Svelte\\sveltekit-webpool\\functions\\node_modules\\firebase-admin\\lib\\index.js"}} {"metadata":{"emulator":{"name":"functions"},"message":"[runtime-status] [27408] firebase-admin has been stubbed. {\"adminResolution\":{\"declared\":true,\"installed\":true,\"version\":\"9.11.0\",\"resolution\":\"A:\\\\Svelte\\\\sveltekit-webpool\\\\functions\\\\node_modules\\\\firebase-admin\\\\lib\\\\index.js\"}}"}}
[warn] !  ReferenceError: functions is not defined
    at Object.<anonymous> (A:\Svelte\sveltekit-webpool\functions\lib\ssrServer\index.js:2:21)
    at Module._compile (node:internal/modules/cjs/loader:1108:14)
    at Object.Module._extensions..js (node:internal/modules/cjs/loader:1137:10)
    at Module.load (node:internal/modules/cjs/loader:988:32)
    at Function.Module._load (node:internal/modules/cjs/loader:828:14)
    at Module.require (node:internal/modules/cjs/loader:1012:19)
    at require (node:internal/modules/cjs/helpers:93:18)
    at initializeRuntime (A:\Svelte\sveltekit-webpool\node_modules\firebase-tools\lib\emulator\functionsEmulatorRuntime.js:687:29)
    at processTicksAndRejections (node:internal/process/task_queues:96:5)
    at async handleMessage (A:\Svelte\sveltekit-webpool\node_modules\firebase-tools\lib\emulator\functionsEmulatorRuntime.js:729:20) {"metadata":{"emulator":{"name":"functions"},"message":"ReferenceError: functions is not defined\n    at Object.<anonymous> (A:\\Svelte\\sveltekit-webpool\\functions\\lib\\ssrServer\\index.js:2:21)\n    at Module._compile (node:internal/modules/cjs/loader:1108:14)\n    at Object.Module._extensions..js (node:internal/modules/cjs/loader:1137:10)\n    at Module.load (node:internal/modules/cjs/loader:988:32)\n    at Function.Module._load (node:internal/modules/cjs/loader:828:14)\n    at Module.require (node:internal/modules/cjs/loader:1012:19)\n    at require (node:internal/modules/cjs/helpers:93:18)\n    at initializeRuntime (A:\\Svelte\\sveltekit-webpool\\node_modules\\firebase-tools\\lib\\emulator\\functionsEmulatorRuntime.js:687:29)\n    at processTicksAndRejections (node:internal/process/task_queues:96:5)\n    at async handleMessage (A:\\Svelte\\sveltekit-webpool\\node_modules\\firebase-tools\\lib\\emulator\\functionsEmulatorRuntime.js:729:20)"}}
[warn] !  We were unable to load your functions code. (see above)
   - It appears your code is written in Typescript, which must be compiled before emulation.
   - You may be able to run "npm run build" in your functions directory to resolve this. {"metadata":{"emulator":{"name":"functions"}}}
[debug] [2021-08-02T16:36:41.241Z] [worker-~diagnostic~-c2b48b2a-1785-45ed-9267-767b92b01100]: exited {"metadata":{"emulator":{"name":"functions"},"message":"[worker-~diagnostic~-c2b48b2a-1785-45ed-9267-767b92b01100]: exited"}}
[debug] [2021-08-02T16:36:41.242Z] [worker-~diagnostic~-c2b48b2a-1785-45ed-9267-767b92b01100]: FINISHED {"metadata":{"emulator":{"name":"functions"},"message":"[worker-~diagnostic~-c2b48b2a-1785-45ed-9267-767b92b01100]: FINISHED"}}
[debug] [2021-08-02T16:37:16.904Z] File A:\Svelte\sveltekit-webpool\functions\lib\ssrServer\index.js changed, reloading triggers {"metadata":{"emulator":{"name":"functions"},"message":"File A:\\Svelte\\sveltekit-webpool\\functions\\lib\\ssrServer\\index.js changed, reloading triggers"}}
[debug] [2021-08-02T16:37:17.909Z] [worker-pool] Cleaned up workers for ~diagnostic~: 1 --> 0 {"metadata":{"emulator":{"name":"functions"},"message":"[worker-pool] Cleaned up workers for ~diagnostic~: 1 --> 0"}}
[debug] [2021-08-02T16:37:17.915Z] [worker-pool] addWorker(~diagnostic~) {"metadata":{"emulator":{"name":"functions"},"message":"[worker-pool] addWorker(~diagnostic~)"}}
[debug] [2021-08-02T16:37:17.915Z] [worker-pool] Adding worker with key ~diagnostic~, total=1 {"metadata":{"emulator":{"name":"functions"},"message":"[worker-pool] Adding worker with key ~diagnostic~, total=1"}}
[debug] [2021-08-02T16:37:17.916Z] [worker-pool] submitWork(triggerId=) {"metadata":{"emulator":{"name":"functions"},"message":"[worker-pool] submitWork(triggerId=)"}}
[debug] [2021-08-02T16:37:17.916Z] [worker-~diagnostic~-1be34509-8c0f-41b1-8106-13358ebdc109]: Assigning socketPath: \\?\pipe\A:\Svelte\sveltekit-webpool\functions\11652 {"metadata":{"emulator":{"name":"functions"},"message":"[worker-~diagnostic~-1be34509-8c0f-41b1-8106-13358ebdc109]: Assigning socketPath: \\\\?\\pipe\\A:\\Svelte\\sveltekit-webpool\\functions\\11652"}}
[debug] [2021-08-02T16:37:17.916Z] [worker-~diagnostic~-1be34509-8c0f-41b1-8106-13358ebdc109]: BUSY {"metadata":{"emulator":{"name":"functions"},"message":"[worker-~diagnostic~-1be34509-8c0f-41b1-8106-13358ebdc109]: BUSY"}}
[debug] [2021-08-02T16:37:18.101Z] [runtime-status] [11652] Functions runtime initialized. {"cwd":"A:\\Svelte\\sveltekit-webpool\\functions","node_version":"16.0.0"} {"metadata":{"emulator":{"name":"functions"},"message":"[runtime-status] [11652] Functions runtime initialized. {\"cwd\":\"A:\\\\Svelte\\\\sveltekit-webpool\\\\functions\",\"node_version\":\"16.0.0\"}"}}
[debug] [2021-08-02T16:37:18.102Z] [runtime-status] [11652] Disabled runtime features: undefined {"metadata":{"emulator":{"name":"functions"},"message":"[runtime-status] [11652] Disabled runtime features: undefined"}}
[debug] [2021-08-02T16:37:18.105Z] [runtime-status] [11652] Resolved module firebase-admin {"declared":true,"installed":true,"version":"9.11.0","resolution":"A:\\Svelte\\sveltekit-webpool\\functions\\node_modules\\firebase-admin\\lib\\index.js"} {"metadata":{"emulator":{"name":"functions"},"message":"[runtime-status] [11652] Resolved module firebase-admin {\"declared\":true,\"installed\":true,\"version\":\"9.11.0\",\"resolution\":\"A:\\\\Svelte\\\\sveltekit-webpool\\\\functions\\\\node_modules\\\\firebase-admin\\\\lib\\\\index.js\"}"}}
[debug] [2021-08-02T16:37:18.106Z] [runtime-status] [11652] Resolved module firebase-functions {"declared":true,"installed":true,"version":"3.14.1","resolution":"A:\\Svelte\\sveltekit-webpool\\functions\\node_modules\\firebase-functions\\lib\\index.js"} {"metadata":{"emulator":{"name":"functions"},"message":"[runtime-status] [11652] Resolved module firebase-functions {\"declared\":true,\"installed\":true,\"version\":\"3.14.1\",\"resolution\":\"A:\\\\Svelte\\\\sveltekit-webpool\\\\functions\\\\node_modules\\\\firebase-functions\\\\lib\\\\index.js\"}"}}
[debug] [2021-08-02T16:37:18.109Z] [runtime-status] [11652] Resolved module firebase-functions {"declared":true,"installed":true,"version":"3.14.1","resolution":"A:\\Svelte\\sveltekit-webpool\\functions\\node_modules\\firebase-functions\\lib\\index.js"} {"metadata":{"emulator":{"name":"functions"},"message":"[runtime-status] [11652] Resolved module firebase-functions {\"declared\":true,\"installed\":true,\"version\":\"3.14.1\",\"resolution\":\"A:\\\\Svelte\\\\sveltekit-webpool\\\\functions\\\\node_modules\\\\firebase-functions\\\\lib\\\\index.js\"}"}}
[debug] [2021-08-02T16:37:18.110Z] [runtime-status] [11652] Outgoing network have been stubbed. [{"name":"http","status":"mocked"},{"name":"http","status":"mocked"},{"name":"https","status":"mocked"},{"name":"https","status":"mocked"},{"name":"net","status":"mocked"}] {"metadata":{"emulator":{"name":"functions"},"message":"[runtime-status] [11652] Outgoing network have been stubbed. [{\"name\":\"http\",\"status\":\"mocked\"},{\"name\":\"http\",\"status\":\"mocked\"},{\"name\":\"https\",\"status\":\"mocked\"},{\"name\":\"https\",\"status\":\"mocked\"},{\"name\":\"net\",\"status\":\"mocked\"}]"}}
[debug] [2021-08-02T16:37:18.111Z] [runtime-status] [11652] Resolved module firebase-functions {"declared":true,"installed":true,"version":"3.14.1","resolution":"A:\\Svelte\\sveltekit-webpool\\functions\\node_modules\\firebase-functions\\lib\\index.js"} {"metadata":{"emulator":{"name":"functions"},"message":"[runtime-status] [11652] Resolved module firebase-functions {\"declared\":true,\"installed\":true,\"version\":\"3.14.1\",\"resolution\":\"A:\\\\Svelte\\\\sveltekit-webpool\\\\functions\\\\node_modules\\\\firebase-functions\\\\lib\\\\index.js\"}"}}
[debug] [2021-08-02T16:37:18.160Z] [runtime-status] [11652] Checked functions.config() {"config":{}} {"metadata":{"emulator":{"name":"functions"},"message":"[runtime-status] [11652] Checked functions.config() {\"config\":{}}"}}
[debug] [2021-08-02T16:37:18.161Z] [runtime-status] [11652] firebase-functions has been stubbed. {"functionsResolution":{"declared":true,"installed":true,"version":"3.14.1","resolution":"A:\\Svelte\\sveltekit-webpool\\functions\\node_modules\\firebase-functions\\lib\\index.js"}} {"metadata":{"emulator":{"name":"functions"},"message":"[runtime-status] [11652] firebase-functions has been stubbed. {\"functionsResolution\":{\"declared\":true,\"installed\":true,\"version\":\"3.14.1\",\"resolution\":\"A:\\\\Svelte\\\\sveltekit-webpool\\\\functions\\\\node_modules\\\\firebase-functions\\\\lib\\\\index.js\"}}"}}
[debug] [2021-08-02T16:37:18.161Z] [runtime-status] [11652] Resolved module firebase-functions {"declared":true,"installed":true,"version":"3.14.1","resolution":"A:\\Svelte\\sveltekit-webpool\\functions\\node_modules\\firebase-functions\\lib\\index.js"} {"metadata":{"emulator":{"name":"functions"},"message":"[runtime-status] [11652] Resolved module firebase-functions {\"declared\":true,\"installed\":true,\"version\":\"3.14.1\",\"resolution\":\"A:\\\\Svelte\\\\sveltekit-webpool\\\\functions\\\\node_modules\\\\firebase-functions\\\\lib\\\\index.js\"}"}}
[debug] [2021-08-02T16:37:18.162Z] [runtime-status] [11652] Resolved module firebase-admin {"declared":true,"installed":true,"version":"9.11.0","resolution":"A:\\Svelte\\sveltekit-webpool\\functions\\node_modules\\firebase-admin\\lib\\index.js"} {"metadata":{"emulator":{"name":"functions"},"message":"[runtime-status] [11652] Resolved module firebase-admin {\"declared\":true,\"installed\":true,\"version\":\"9.11.0\",\"resolution\":\"A:\\\\Svelte\\\\sveltekit-webpool\\\\functions\\\\node_modules\\\\firebase-admin\\\\lib\\\\index.js\"}"}}
[debug] [2021-08-02T16:37:18.162Z] [runtime-status] [11652] Resolved module firebase-functions {"declared":true,"installed":true,"version":"3.14.1","resolution":"A:\\Svelte\\sveltekit-webpool\\functions\\node_modules\\firebase-functions\\lib\\index.js"} {"metadata":{"emulator":{"name":"functions"},"message":"[runtime-status] [11652] Resolved module firebase-functions {\"declared\":true,\"installed\":true,\"version\":\"3.14.1\",\"resolution\":\"A:\\\\Svelte\\\\sveltekit-webpool\\\\functions\\\\node_modules\\\\firebase-functions\\\\lib\\\\index.js\"}"}}
[debug] [2021-08-02T16:37:18.163Z] [runtime-status] [11652] firebase-admin has been stubbed. {"adminResolution":{"declared":true,"installed":true,"version":"9.11.0","resolution":"A:\\Svelte\\sveltekit-webpool\\functions\\node_modules\\firebase-admin\\lib\\index.js"}} {"metadata":{"emulator":{"name":"functions"},"message":"[runtime-status] [11652] firebase-admin has been stubbed. {\"adminResolution\":{\"declared\":true,\"installed\":true,\"version\":\"9.11.0\",\"resolution\":\"A:\\\\Svelte\\\\sveltekit-webpool\\\\functions\\\\node_modules\\\\firebase-admin\\\\lib\\\\index.js\"}}"}}
[warn] !  A:\Svelte\sveltekit-webpool\functions\lib\ssrServer\index.js:1
import * as functions from 'firebase-functions'
^^^^^^

SyntaxError: Cannot use import statement outside a module
    at Object.compileFunction (node:vm:355:18)
    at wrapSafe (node:internal/modules/cjs/loader:1038:15)
    at Module._compile (node:internal/modules/cjs/loader:1072:27)
    at Object.Module._extensions..js (node:internal/modules/cjs/loader:1137:10)
    at Module.load (node:internal/modules/cjs/loader:988:32)
    at Function.Module._load (node:internal/modules/cjs/loader:828:14)
    at Module.require (node:internal/modules/cjs/loader:1012:19)
    at require (node:internal/modules/cjs/helpers:93:18)
    at initializeRuntime (A:\Svelte\sveltekit-webpool\node_modules\firebase-tools\lib\emulator\functionsEmulatorRuntime.js:687:29)
    at processTicksAndRejections (node:internal/process/task_queues:96:5) {"metadata":{"emulator":{"name":"functions"},"message":"A:\\Svelte\\sveltekit-webpool\\functions\\lib\\ssrServer\\index.js:1\nimport * as functions from 'firebase-functions'\n^^^^^^\n\nSyntaxError: Cannot use import statement outside a module\n    at Object.compileFunction (node:vm:355:18)\n    at wrapSafe (node:internal/modules/cjs/loader:1038:15)\n    at Module._compile (node:internal/modules/cjs/loader:1072:27)\n    at Object.Module._extensions..js (node:internal/modules/cjs/loader:1137:10)\n    at Module.load (node:internal/modules/cjs/loader:988:32)\n    at Function.Module._load (node:internal/modules/cjs/loader:828:14)\n    at Module.require (node:internal/modules/cjs/loader:1012:19)\n    at require (node:internal/modules/cjs/helpers:93:18)\n    at initializeRuntime (A:\\Svelte\\sveltekit-webpool\\node_modules\\firebase-tools\\lib\\emulator\\functionsEmulatorRuntime.js:687:29)\n    at processTicksAndRejections (node:internal/process/task_queues:96:5)"}}
[warn] !  We were unable to load your functions code. (see above)
   - It appears your code is written in Typescript, which must be compiled before emulation.
   - You may be able to run "npm run build" in your functions directory to resolve this. {"metadata":{"emulator":{"name":"functions"}}}
[debug] [2021-08-02T16:37:18.194Z] [worker-~diagnostic~-1be34509-8c0f-41b1-8106-13358ebdc109]: exited {"metadata":{"emulator":{"name":"functions"},"message":"[worker-~diagnostic~-1be34509-8c0f-41b1-8106-13358ebdc109]: exited"}}
[debug] [2021-08-02T16:37:18.195Z] [worker-~diagnostic~-1be34509-8c0f-41b1-8106-13358ebdc109]: FINISHED {"metadata":{"emulator":{"name":"functions"},"message":"[worker-~diagnostic~-1be34509-8c0f-41b1-8106-13358ebdc109]: FINISHED"}}
[debug] [2021-08-02T16:37:24.190Z] File A:\Svelte\sveltekit-webpool\functions\lib\ssrServer\index.js changed, reloading triggers {"metadata":{"emulator":{"name":"functions"},"message":"File A:\\Svelte\\sveltekit-webpool\\functions\\lib\\ssrServer\\index.js changed, reloading triggers"}}
[debug] [2021-08-02T16:37:25.193Z] [worker-pool] Cleaned up workers for ~diagnostic~: 1 --> 0 {"metadata":{"emulator":{"name":"functions"},"message":"[worker-pool] Cleaned up workers for ~diagnostic~: 1 --> 0"}}
[debug] [2021-08-02T16:37:25.199Z] [worker-pool] addWorker(~diagnostic~) {"metadata":{"emulator":{"name":"functions"},"message":"[worker-pool] addWorker(~diagnostic~)"}}
[debug] [2021-08-02T16:37:25.200Z] [worker-pool] Adding worker with key ~diagnostic~, total=1 {"metadata":{"emulator":{"name":"functions"},"message":"[worker-pool] Adding worker with key ~diagnostic~, total=1"}}
[debug] [2021-08-02T16:37:25.200Z] [worker-pool] submitWork(triggerId=) {"metadata":{"emulator":{"name":"functions"},"message":"[worker-pool] submitWork(triggerId=)"}}
[debug] [2021-08-02T16:37:25.200Z] [worker-~diagnostic~-b6b37625-7aa5-4902-9714-1b8b85612c50]: Assigning socketPath: \\?\pipe\A:\Svelte\sveltekit-webpool\functions\27004 {"metadata":{"emulator":{"name":"functions"},"message":"[worker-~diagnostic~-b6b37625-7aa5-4902-9714-1b8b85612c50]: Assigning socketPath: \\\\?\\pipe\\A:\\Svelte\\sveltekit-webpool\\functions\\27004"}}
[debug] [2021-08-02T16:37:25.200Z] [worker-~diagnostic~-b6b37625-7aa5-4902-9714-1b8b85612c50]: BUSY {"metadata":{"emulator":{"name":"functions"},"message":"[worker-~diagnostic~-b6b37625-7aa5-4902-9714-1b8b85612c50]: BUSY"}}
[debug] [2021-08-02T16:37:25.391Z] [runtime-status] [27004] Functions runtime initialized. {"cwd":"A:\\Svelte\\sveltekit-webpool\\functions","node_version":"16.0.0"} {"metadata":{"emulator":{"name":"functions"},"message":"[runtime-status] [27004] Functions runtime initialized. {\"cwd\":\"A:\\\\Svelte\\\\sveltekit-webpool\\\\functions\",\"node_version\":\"16.0.0\"}"}}
[debug] [2021-08-02T16:37:25.392Z] [runtime-status] [27004] Disabled runtime features: undefined {"metadata":{"emulator":{"name":"functions"},"message":"[runtime-status] [27004] Disabled runtime features: undefined"}}
[debug] [2021-08-02T16:37:25.395Z] [runtime-status] [27004] Resolved module firebase-admin {"declared":true,"installed":true,"version":"9.11.0","resolution":"A:\\Svelte\\sveltekit-webpool\\functions\\node_modules\\firebase-admin\\lib\\index.js"} {"metadata":{"emulator":{"name":"functions"},"message":"[runtime-status] [27004] Resolved module firebase-admin {\"declared\":true,\"installed\":true,\"version\":\"9.11.0\",\"resolution\":\"A:\\\\Svelte\\\\sveltekit-webpool\\\\functions\\\\node_modules\\\\firebase-admin\\\\lib\\\\index.js\"}"}}
[debug] [2021-08-02T16:37:25.396Z] [runtime-status] [27004] Resolved module firebase-functions {"declared":true,"installed":true,"version":"3.14.1","resolution":"A:\\Svelte\\sveltekit-webpool\\functions\\node_modules\\firebase-functions\\lib\\index.js"} {"metadata":{"emulator":{"name":"functions"},"message":"[runtime-status] [27004] Resolved module firebase-functions {\"declared\":true,\"installed\":true,\"version\":\"3.14.1\",\"resolution\":\"A:\\\\Svelte\\\\sveltekit-webpool\\\\functions\\\\node_modules\\\\firebase-functions\\\\lib\\\\index.js\"}"}}
[debug] [2021-08-02T16:37:25.400Z] [runtime-status] [27004] Resolved module firebase-functions {"declared":true,"installed":true,"version":"3.14.1","resolution":"A:\\Svelte\\sveltekit-webpool\\functions\\node_modules\\firebase-functions\\lib\\index.js"} {"metadata":{"emulator":{"name":"functions"},"message":"[runtime-status] [27004] Resolved module firebase-functions {\"declared\":true,\"installed\":true,\"version\":\"3.14.1\",\"resolution\":\"A:\\\\Svelte\\\\sveltekit-webpool\\\\functions\\\\node_modules\\\\firebase-functions\\\\lib\\\\index.js\"}"}}
[debug] [2021-08-02T16:37:25.402Z] [runtime-status] [27004] Outgoing network have been stubbed. [{"name":"http","status":"mocked"},{"name":"http","status":"mocked"},{"name":"https","status":"mocked"},{"name":"https","status":"mocked"},{"name":"net","status":"mocked"}] {"metadata":{"emulator":{"name":"functions"},"message":"[runtime-status] [27004] Outgoing network have been stubbed. [{\"name\":\"http\",\"status\":\"mocked\"},{\"name\":\"http\",\"status\":\"mocked\"},{\"name\":\"https\",\"status\":\"mocked\"},{\"name\":\"https\",\"status\":\"mocked\"},{\"name\":\"net\",\"status\":\"mocked\"}]"}}
[debug] [2021-08-02T16:37:25.403Z] [runtime-status] [27004] Resolved module firebase-functions {"declared":true,"installed":true,"version":"3.14.1","resolution":"A:\\Svelte\\sveltekit-webpool\\functions\\node_modules\\firebase-functions\\lib\\index.js"} {"metadata":{"emulator":{"name":"functions"},"message":"[runtime-status] [27004] Resolved module firebase-functions {\"declared\":true,\"installed\":true,\"version\":\"3.14.1\",\"resolution\":\"A:\\\\Svelte\\\\sveltekit-webpool\\\\functions\\\\node_modules\\\\firebase-functions\\\\lib\\\\index.js\"}"}}
[debug] [2021-08-02T16:37:25.457Z] [runtime-status] [27004] Checked functions.config() {"config":{}} {"metadata":{"emulator":{"name":"functions"},"message":"[runtime-status] [27004] Checked functions.config() {\"config\":{}}"}}
[debug] [2021-08-02T16:37:25.457Z] [runtime-status] [27004] firebase-functions has been stubbed. {"functionsResolution":{"declared":true,"installed":true,"version":"3.14.1","resolution":"A:\\Svelte\\sveltekit-webpool\\functions\\node_modules\\firebase-functions\\lib\\index.js"}} {"metadata":{"emulator":{"name":"functions"},"message":"[runtime-status] [27004] firebase-functions has been stubbed. {\"functionsResolution\":{\"declared\":true,\"installed\":true,\"version\":\"3.14.1\",\"resolution\":\"A:\\\\Svelte\\\\sveltekit-webpool\\\\functions\\\\node_modules\\\\firebase-functions\\\\lib\\\\index.js\"}}"}}
[debug] [2021-08-02T16:37:25.457Z] [runtime-status] [27004] Resolved module firebase-functions {"declared":true,"installed":true,"version":"3.14.1","resolution":"A:\\Svelte\\sveltekit-webpool\\functions\\node_modules\\firebase-functions\\lib\\index.js"} {"metadata":{"emulator":{"name":"functions"},"message":"[runtime-status] [27004] Resolved module firebase-functions {\"declared\":true,\"installed\":true,\"version\":\"3.14.1\",\"resolution\":\"A:\\\\Svelte\\\\sveltekit-webpool\\\\functions\\\\node_modules\\\\firebase-functions\\\\lib\\\\index.js\"}"}}
[debug] [2021-08-02T16:37:25.458Z] [runtime-status] [27004] Resolved module firebase-admin {"declared":true,"installed":true,"version":"9.11.0","resolution":"A:\\Svelte\\sveltekit-webpool\\functions\\node_modules\\firebase-admin\\lib\\index.js"} {"metadata":{"emulator":{"name":"functions"},"message":"[runtime-status] [27004] Resolved module firebase-admin {\"declared\":true,\"installed\":true,\"version\":\"9.11.0\",\"resolution\":\"A:\\\\Svelte\\\\sveltekit-webpool\\\\functions\\\\node_modules\\\\firebase-admin\\\\lib\\\\index.js\"}"}}
[debug] [2021-08-02T16:37:25.459Z] [runtime-status] [27004] Resolved module firebase-functions {"declared":true,"installed":true,"version":"3.14.1","resolution":"A:\\Svelte\\sveltekit-webpool\\functions\\node_modules\\firebase-functions\\lib\\index.js"} {"metadata":{"emulator":{"name":"functions"},"message":"[runtime-status] [27004] Resolved module firebase-functions {\"declared\":true,\"installed\":true,\"version\":\"3.14.1\",\"resolution\":\"A:\\\\Svelte\\\\sveltekit-webpool\\\\functions\\\\node_modules\\\\firebase-functions\\\\lib\\\\index.js\"}"}}
[debug] [2021-08-02T16:37:25.459Z] [runtime-status] [27004] firebase-admin has been stubbed. {"adminResolution":{"declared":true,"installed":true,"version":"9.11.0","resolution":"A:\\Svelte\\sveltekit-webpool\\functions\\node_modules\\firebase-admin\\lib\\index.js"}} {"metadata":{"emulator":{"name":"functions"},"message":"[runtime-status] [27004] firebase-admin has been stubbed. {\"adminResolution\":{\"declared\":true,\"installed\":true,\"version\":\"9.11.0\",\"resolution\":\"A:\\\\Svelte\\\\sveltekit-webpool\\\\functions\\\\node_modules\\\\firebase-admin\\\\lib\\\\index.js\"}}"}}
[warn] !  A:\Svelte\sveltekit-webpool\functions\lib\ssrServer\index.js:1
import * as functions from 'firebase-functions'
^^^^^^

SyntaxError: Cannot use import statement outside a module
    at Object.compileFunction (node:vm:355:18)
    at wrapSafe (node:internal/modules/cjs/loader:1038:15)
    at Module._compile (node:internal/modules/cjs/loader:1072:27)
    at Object.Module._extensions..js (node:internal/modules/cjs/loader:1137:10)
    at Module.load (node:internal/modules/cjs/loader:988:32)
    at Function.Module._load (node:internal/modules/cjs/loader:828:14)
    at Module.require (node:internal/modules/cjs/loader:1012:19)
    at require (node:internal/modules/cjs/helpers:93:18)
    at initializeRuntime (A:\Svelte\sveltekit-webpool\node_modules\firebase-tools\lib\emulator\functionsEmulatorRuntime.js:687:29)
    at processTicksAndRejections (node:internal/process/task_queues:96:5) {"metadata":{"emulator":{"name":"functions"},"message":"A:\\Svelte\\sveltekit-webpool\\functions\\lib\\ssrServer\\index.js:1\nimport * as functions from 'firebase-functions'\n^^^^^^\n\nSyntaxError: Cannot use import statement outside a module\n    at Object.compileFunction (node:vm:355:18)\n    at wrapSafe (node:internal/modules/cjs/loader:1038:15)\n    at Module._compile (node:internal/modules/cjs/loader:1072:27)\n    at Object.Module._extensions..js (node:internal/modules/cjs/loader:1137:10)\n    at Module.load (node:internal/modules/cjs/loader:988:32)\n    at Function.Module._load (node:internal/modules/cjs/loader:828:14)\n    at Module.require (node:internal/modules/cjs/loader:1012:19)\n    at require (node:internal/modules/cjs/helpers:93:18)\n    at initializeRuntime (A:\\Svelte\\sveltekit-webpool\\node_modules\\firebase-tools\\lib\\emulator\\functionsEmulatorRuntime.js:687:29)\n    at processTicksAndRejections (node:internal/process/task_queues:96:5)"}}
[warn] !  We were unable to load your functions code. (see above)
   - It appears your code is written in Typescript, which must be compiled before emulation.
   - You may be able to run "npm run build" in your functions directory to resolve this. {"metadata":{"emulator":{"name":"functions"}}}
[debug] [2021-08-02T16:37:25.503Z] [worker-~diagnostic~-b6b37625-7aa5-4902-9714-1b8b85612c50]: exited {"metadata":{"emulator":{"name":"functions"},"message":"[worker-~diagnostic~-b6b37625-7aa5-4902-9714-1b8b85612c50]: exited"}}
[debug] [2021-08-02T16:37:25.503Z] [worker-~diagnostic~-b6b37625-7aa5-4902-9714-1b8b85612c50]: FINISHED {"metadata":{"emulator":{"name":"functions"},"message":"[worker-~diagnostic~-b6b37625-7aa5-4902-9714-1b8b85612c50]: FINISHED"}}
[debug] [2021-08-02T16:37:44.994Z] ----------------------------------------------------------------------
[debug] [2021-08-02T16:37:44.995Z] Command:       C:\Program Files\nodejs\node.exe A:\Svelte\sveltekit-webpool\node_modules\firebase-tools\lib\bin\firebase.js emulators:start --only functions
[debug] [2021-08-02T16:37:44.995Z] CLI Version:   9.16.0
[debug] [2021-08-02T16:37:44.995Z] Platform:      win32
[debug] [2021-08-02T16:37:44.995Z] Node Version:  v16.0.0
[debug] [2021-08-02T16:37:44.996Z] Time:          Mon Aug 02 2021 12:37:44 GMT-0400 (Eastern Daylight Time)
[debug] [2021-08-02T16:37:44.996Z] ----------------------------------------------------------------------
[debug] 
[debug] [2021-08-02T16:37:45.049Z] > command requires scopes: ["email","openid","https://www.googleapis.com/auth/cloudplatformprojects.readonly","https://www.googleapis.com/auth/firebase","https://www.googleapis.com/auth/cloud-platform"]
[debug] [2021-08-02T16:37:45.049Z] > authorizing via signed-in user (jrmoynihan@gmail.com)
[info] i  emulators: Starting emulators: functions {"metadata":{"emulator":{"name":"hub"},"message":"Starting emulators: functions"}}
[warn] !  emulators: It seems that you are running multiple instances of the emulator suite for project tonyswebpool. This may result in unexpected behavior. 
[debug] [2021-08-02T16:37:45.068Z] [hub] writing locator at C:\Users\jrmoy\AppData\Local\Temp\hub-tonyswebpool.json
[warn] !  functions: The following emulators are not running, calls to these services from the Functions emulator will affect production: auth, firestore, database, hosting, pubsub, storage {"metadata":{"emulator":{"name":"functions"},"message":"The following emulators are not running, calls to these services from the Functions emulator will affect production: \u001b[1mauth, firestore, database, hosting, pubsub, storage\u001b[22m"}}
[warn] !  Your requested "node" version "14" doesn't match your global version "16" {"metadata":{"emulator":{"name":"functions"},"message":"Your requested \"node\" version \"14\" doesn't match your global version \"16\""}}
[debug] [2021-08-02T16:37:45.094Z] defaultcredentials: writing to file C:\Users\jrmoy\AppData\Roaming\firebase\jrmoynihan_gmail_com_application_default_credentials.json
[debug] [2021-08-02T16:37:45.097Z] Setting GAC to C:\Users\jrmoy\AppData\Roaming\firebase\jrmoynihan_gmail_com_application_default_credentials.json {"metadata":{"emulator":{"name":"functions"},"message":"Setting GAC to C:\\Users\\jrmoy\\AppData\\Roaming\\firebase\\jrmoynihan_gmail_com_application_default_credentials.json"}}
[debug] [2021-08-02T16:37:45.099Z] >>> [apiv2][query] GET https://firebase.googleapis.com/v1beta1/projects/tonyswebpool/adminSdkConfig [none]
[debug] [2021-08-02T16:37:45.389Z] <<< [apiv2][status] GET https://firebase.googleapis.com/v1beta1/projects/tonyswebpool/adminSdkConfig 200
[debug] [2021-08-02T16:37:45.389Z] <<< [apiv2][body] GET https://firebase.googleapis.com/v1beta1/projects/tonyswebpool/adminSdkConfig {"projectId":"tonyswebpool","databaseURL":"https://tonyswebpool.firebaseio.com","storageBucket":"tonyswebpool.appspot.com","locationId":"us-east4"}
[warn] !  ui: Emulator UI unable to start on port 4000, starting on 4001 instead. {"metadata":{"emulator":{"name":"ui"},"message":"Emulator UI unable to start on port 4000, starting on 4001 instead."}}
[debug] [2021-08-02T16:37:45.426Z] Ignoring unsupported arg: auto_download {"metadata":{"emulator":{"name":"ui"},"message":"Ignoring unsupported arg: auto_download"}}
[debug] [2021-08-02T16:37:45.426Z] Ignoring unsupported arg: port {"metadata":{"emulator":{"name":"ui"},"message":"Ignoring unsupported arg: port"}}
[debug] [2021-08-02T16:37:45.426Z] Starting Emulator UI with command {"binary":"node","args":["C:\\Users\\jrmoy\\.cache\\firebase\\emulators\\ui-v1.6.0\\server.bundle.js"],"optionalArgs":[],"joinArgs":false} {"metadata":{"emulator":{"name":"ui"},"message":"Starting Emulator UI with command {\"binary\":\"node\",\"args\":[\"C:\\\\Users\\\\jrmoy\\\\.cache\\\\firebase\\\\emulators\\\\ui-v1.6.0\\\\server.bundle.js\"],\"optionalArgs\":[],\"joinArgs\":false}"}}
[info] i  ui: Emulator UI logging to ui-debug.log {"metadata":{"emulator":{"name":"ui"},"message":"Emulator UI logging to \u001b[1mui-debug.log\u001b[22m"}}
[debug] [2021-08-02T16:37:45.527Z] Web / API server started at localhost:4001
 {"metadata":{"emulator":{"name":"ui"},"message":"Web / API server started at localhost:4001\n"}}
[info] i  functions: Watching "A:\Svelte\sveltekit-webpool\functions" for Cloud Functions... {"metadata":{"emulator":{"name":"functions"},"message":"Watching \"A:\\Svelte\\sveltekit-webpool\\functions\" for Cloud Functions..."}}
[debug] [2021-08-02T16:37:45.699Z] [worker-pool] addWorker(~diagnostic~) {"metadata":{"emulator":{"name":"functions"},"message":"[worker-pool] addWorker(~diagnostic~)"}}
[debug] [2021-08-02T16:37:45.699Z] [worker-pool] Adding worker with key ~diagnostic~, total=1 {"metadata":{"emulator":{"name":"functions"},"message":"[worker-pool] Adding worker with key ~diagnostic~, total=1"}}
[debug] [2021-08-02T16:37:45.699Z] [worker-pool] submitWork(triggerId=) {"metadata":{"emulator":{"name":"functions"},"message":"[worker-pool] submitWork(triggerId=)"}}
[debug] [2021-08-02T16:37:45.700Z] [worker-~diagnostic~-cb7c181d-d8cf-453f-81b2-2de16892cfb1]: Assigning socketPath: \\?\pipe\A:\Svelte\sveltekit-webpool\functions\19316 {"metadata":{"emulator":{"name":"functions"},"message":"[worker-~diagnostic~-cb7c181d-d8cf-453f-81b2-2de16892cfb1]: Assigning socketPath: \\\\?\\pipe\\A:\\Svelte\\sveltekit-webpool\\functions\\19316"}}
[debug] [2021-08-02T16:37:45.700Z] [worker-~diagnostic~-cb7c181d-d8cf-453f-81b2-2de16892cfb1]: BUSY {"metadata":{"emulator":{"name":"functions"},"message":"[worker-~diagnostic~-cb7c181d-d8cf-453f-81b2-2de16892cfb1]: BUSY"}}
[debug] [2021-08-02T16:37:45.895Z] [runtime-status] [19316] Functions runtime initialized. {"cwd":"A:\\Svelte\\sveltekit-webpool\\functions","node_version":"16.0.0"} {"metadata":{"emulator":{"name":"functions"},"message":"[runtime-status] [19316] Functions runtime initialized. {\"cwd\":\"A:\\\\Svelte\\\\sveltekit-webpool\\\\functions\",\"node_version\":\"16.0.0\"}"}}
[debug] [2021-08-02T16:37:45.895Z] [runtime-status] [19316] Disabled runtime features: undefined {"metadata":{"emulator":{"name":"functions"},"message":"[runtime-status] [19316] Disabled runtime features: undefined"}}
[debug] [2021-08-02T16:37:45.898Z] [runtime-status] [19316] Resolved module firebase-admin {"declared":true,"installed":true,"version":"9.11.0","resolution":"A:\\Svelte\\sveltekit-webpool\\functions\\node_modules\\firebase-admin\\lib\\index.js"} {"metadata":{"emulator":{"name":"functions"},"message":"[runtime-status] [19316] Resolved module firebase-admin {\"declared\":true,\"installed\":true,\"version\":\"9.11.0\",\"resolution\":\"A:\\\\Svelte\\\\sveltekit-webpool\\\\functions\\\\node_modules\\\\firebase-admin\\\\lib\\\\index.js\"}"}}
[debug] [2021-08-02T16:37:45.899Z] [runtime-status] [19316] Resolved module firebase-functions {"declared":true,"installed":true,"version":"3.14.1","resolution":"A:\\Svelte\\sveltekit-webpool\\functions\\node_modules\\firebase-functions\\lib\\index.js"} {"metadata":{"emulator":{"name":"functions"},"message":"[runtime-status] [19316] Resolved module firebase-functions {\"declared\":true,\"installed\":true,\"version\":\"3.14.1\",\"resolution\":\"A:\\\\Svelte\\\\sveltekit-webpool\\\\functions\\\\node_modules\\\\firebase-functions\\\\lib\\\\index.js\"}"}}
[debug] [2021-08-02T16:37:45.901Z] [runtime-status] [19316] Resolved module firebase-functions {"declared":true,"installed":true,"version":"3.14.1","resolution":"A:\\Svelte\\sveltekit-webpool\\functions\\node_modules\\firebase-functions\\lib\\index.js"} {"metadata":{"emulator":{"name":"functions"},"message":"[runtime-status] [19316] Resolved module firebase-functions {\"declared\":true,\"installed\":true,\"version\":\"3.14.1\",\"resolution\":\"A:\\\\Svelte\\\\sveltekit-webpool\\\\functions\\\\node_modules\\\\firebase-functions\\\\lib\\\\index.js\"}"}}
[debug] [2021-08-02T16:37:45.902Z] [runtime-status] [19316] Outgoing network have been stubbed. [{"name":"http","status":"mocked"},{"name":"http","status":"mocked"},{"name":"https","status":"mocked"},{"name":"https","status":"mocked"},{"name":"net","status":"mocked"}] {"metadata":{"emulator":{"name":"functions"},"message":"[runtime-status] [19316] Outgoing network have been stubbed. [{\"name\":\"http\",\"status\":\"mocked\"},{\"name\":\"http\",\"status\":\"mocked\"},{\"name\":\"https\",\"status\":\"mocked\"},{\"name\":\"https\",\"status\":\"mocked\"},{\"name\":\"net\",\"status\":\"mocked\"}]"}}
[debug] [2021-08-02T16:37:45.903Z] [runtime-status] [19316] Resolved module firebase-functions {"declared":true,"installed":true,"version":"3.14.1","resolution":"A:\\Svelte\\sveltekit-webpool\\functions\\node_modules\\firebase-functions\\lib\\index.js"} {"metadata":{"emulator":{"name":"functions"},"message":"[runtime-status] [19316] Resolved module firebase-functions {\"declared\":true,\"installed\":true,\"version\":\"3.14.1\",\"resolution\":\"A:\\\\Svelte\\\\sveltekit-webpool\\\\functions\\\\node_modules\\\\firebase-functions\\\\lib\\\\index.js\"}"}}
[debug] [2021-08-02T16:37:45.943Z] [runtime-status] [19316] Checked functions.config() {"config":{}} {"metadata":{"emulator":{"name":"functions"},"message":"[runtime-status] [19316] Checked functions.config() {\"config\":{}}"}}
[debug] [2021-08-02T16:37:45.944Z] [runtime-status] [19316] firebase-functions has been stubbed. {"functionsResolution":{"declared":true,"installed":true,"version":"3.14.1","resolution":"A:\\Svelte\\sveltekit-webpool\\functions\\node_modules\\firebase-functions\\lib\\index.js"}} {"metadata":{"emulator":{"name":"functions"},"message":"[runtime-status] [19316] firebase-functions has been stubbed. {\"functionsResolution\":{\"declared\":true,\"installed\":true,\"version\":\"3.14.1\",\"resolution\":\"A:\\\\Svelte\\\\sveltekit-webpool\\\\functions\\\\node_modules\\\\firebase-functions\\\\lib\\\\index.js\"}}"}}
[debug] [2021-08-02T16:37:45.944Z] [runtime-status] [19316] Resolved module firebase-functions {"declared":true,"installed":true,"version":"3.14.1","resolution":"A:\\Svelte\\sveltekit-webpool\\functions\\node_modules\\firebase-functions\\lib\\index.js"} {"metadata":{"emulator":{"name":"functions"},"message":"[runtime-status] [19316] Resolved module firebase-functions {\"declared\":true,\"installed\":true,\"version\":\"3.14.1\",\"resolution\":\"A:\\\\Svelte\\\\sveltekit-webpool\\\\functions\\\\node_modules\\\\firebase-functions\\\\lib\\\\index.js\"}"}}
[debug] [2021-08-02T16:37:45.945Z] [runtime-status] [19316] Resolved module firebase-admin {"declared":true,"installed":true,"version":"9.11.0","resolution":"A:\\Svelte\\sveltekit-webpool\\functions\\node_modules\\firebase-admin\\lib\\index.js"} {"metadata":{"emulator":{"name":"functions"},"message":"[runtime-status] [19316] Resolved module firebase-admin {\"declared\":true,\"installed\":true,\"version\":\"9.11.0\",\"resolution\":\"A:\\\\Svelte\\\\sveltekit-webpool\\\\functions\\\\node_modules\\\\firebase-admin\\\\lib\\\\index.js\"}"}}
[debug] [2021-08-02T16:37:45.945Z] [runtime-status] [19316] Resolved module firebase-functions {"declared":true,"installed":true,"version":"3.14.1","resolution":"A:\\Svelte\\sveltekit-webpool\\functions\\node_modules\\firebase-functions\\lib\\index.js"} {"metadata":{"emulator":{"name":"functions"},"message":"[runtime-status] [19316] Resolved module firebase-functions {\"declared\":true,\"installed\":true,\"version\":\"3.14.1\",\"resolution\":\"A:\\\\Svelte\\\\sveltekit-webpool\\\\functions\\\\node_modules\\\\firebase-functions\\\\lib\\\\index.js\"}"}}
[debug] [2021-08-02T16:37:45.946Z] [runtime-status] [19316] firebase-admin has been stubbed. {"adminResolution":{"declared":true,"installed":true,"version":"9.11.0","resolution":"A:\\Svelte\\sveltekit-webpool\\functions\\node_modules\\firebase-admin\\lib\\index.js"}} {"metadata":{"emulator":{"name":"functions"},"message":"[runtime-status] [19316] firebase-admin has been stubbed. {\"adminResolution\":{\"declared\":true,\"installed\":true,\"version\":\"9.11.0\",\"resolution\":\"A:\\\\Svelte\\\\sveltekit-webpool\\\\functions\\\\node_modules\\\\firebase-admin\\\\lib\\\\index.js\"}}"}}
[warn] !  A:\Svelte\sveltekit-webpool\functions\lib\ssrServer\index.js:1
import * as functions from 'firebase-functions'
^^^^^^

SyntaxError: Cannot use import statement outside a module
    at Object.compileFunction (node:vm:355:18)
    at wrapSafe (node:internal/modules/cjs/loader:1038:15)
    at Module._compile (node:internal/modules/cjs/loader:1072:27)
    at Object.Module._extensions..js (node:internal/modules/cjs/loader:1137:10)
    at Module.load (node:internal/modules/cjs/loader:988:32)
    at Function.Module._load (node:internal/modules/cjs/loader:828:14)
    at Module.require (node:internal/modules/cjs/loader:1012:19)
    at require (node:internal/modules/cjs/helpers:93:18)
    at initializeRuntime (A:\Svelte\sveltekit-webpool\node_modules\firebase-tools\lib\emulator\functionsEmulatorRuntime.js:687:29)
    at processTicksAndRejections (node:internal/process/task_queues:96:5) {"metadata":{"emulator":{"name":"functions"},"message":"A:\\Svelte\\sveltekit-webpool\\functions\\lib\\ssrServer\\index.js:1\nimport * as functions from 'firebase-functions'\n^^^^^^\n\nSyntaxError: Cannot use import statement outside a module\n    at Object.compileFunction (node:vm:355:18)\n    at wrapSafe (node:internal/modules/cjs/loader:1038:15)\n    at Module._compile (node:internal/modules/cjs/loader:1072:27)\n    at Object.Module._extensions..js (node:internal/modules/cjs/loader:1137:10)\n    at Module.load (node:internal/modules/cjs/loader:988:32)\n    at Function.Module._load (node:internal/modules/cjs/loader:828:14)\n    at Module.require (node:internal/modules/cjs/loader:1012:19)\n    at require (node:internal/modules/cjs/helpers:93:18)\n    at initializeRuntime (A:\\Svelte\\sveltekit-webpool\\node_modules\\firebase-tools\\lib\\emulator\\functionsEmulatorRuntime.js:687:29)\n    at processTicksAndRejections (node:internal/process/task_queues:96:5)"}}
[warn] !  We were unable to load your functions code. (see above)
   - It appears your code is written in Typescript, which must be compiled before emulation.
   - You may be able to run "npm run build" in your functions directory to resolve this. {"metadata":{"emulator":{"name":"functions"}}}
[debug] [2021-08-02T16:37:45.976Z] [worker-~diagnostic~-cb7c181d-d8cf-453f-81b2-2de16892cfb1]: exited {"metadata":{"emulator":{"name":"functions"},"message":"[worker-~diagnostic~-cb7c181d-d8cf-453f-81b2-2de16892cfb1]: exited"}}
[debug] [2021-08-02T16:37:45.976Z] [worker-~diagnostic~-cb7c181d-d8cf-453f-81b2-2de16892cfb1]: FINISHED {"metadata":{"emulator":{"name":"functions"},"message":"[worker-~diagnostic~-cb7c181d-d8cf-453f-81b2-2de16892cfb1]: FINISHED"}}
[debug] [2021-08-02T16:41:13.196Z] File A:\Svelte\sveltekit-webpool\functions\src\index.ts changed, reloading triggers {"metadata":{"emulator":{"name":"functions"},"message":"File A:\\Svelte\\sveltekit-webpool\\functions\\src\\index.ts changed, reloading triggers"}}
[debug] [2021-08-02T16:41:14.197Z] [worker-pool] Cleaned up workers for ~diagnostic~: 1 --> 0 {"metadata":{"emulator":{"name":"functions"},"message":"[worker-pool] Cleaned up workers for ~diagnostic~: 1 --> 0"}}
[debug] [2021-08-02T16:41:14.203Z] [worker-pool] addWorker(~diagnostic~) {"metadata":{"emulator":{"name":"functions"},"message":"[worker-pool] addWorker(~diagnostic~)"}}
[debug] [2021-08-02T16:41:14.203Z] [worker-pool] Adding worker with key ~diagnostic~, total=1 {"metadata":{"emulator":{"name":"functions"},"message":"[worker-pool] Adding worker with key ~diagnostic~, total=1"}}
[debug] [2021-08-02T16:41:14.203Z] [worker-pool] submitWork(triggerId=) {"metadata":{"emulator":{"name":"functions"},"message":"[worker-pool] submitWork(triggerId=)"}}
[debug] [2021-08-02T16:41:14.203Z] [worker-~diagnostic~-fe4409ec-444b-4aa5-aace-aa6cab0cd543]: Assigning socketPath: \\?\pipe\A:\Svelte\sveltekit-webpool\functions\3660 {"metadata":{"emulator":{"name":"functions"},"message":"[worker-~diagnostic~-fe4409ec-444b-4aa5-aace-aa6cab0cd543]: Assigning socketPath: \\\\?\\pipe\\A:\\Svelte\\sveltekit-webpool\\functions\\3660"}}
[debug] [2021-08-02T16:41:14.203Z] [worker-~diagnostic~-fe4409ec-444b-4aa5-aace-aa6cab0cd543]: BUSY {"metadata":{"emulator":{"name":"functions"},"message":"[worker-~diagnostic~-fe4409ec-444b-4aa5-aace-aa6cab0cd543]: BUSY"}}
[debug] [2021-08-02T16:41:14.424Z] [runtime-status] [3660] Functions runtime initialized. {"cwd":"A:\\Svelte\\sveltekit-webpool\\functions","node_version":"16.0.0"} {"metadata":{"emulator":{"name":"functions"},"message":"[runtime-status] [3660] Functions runtime initialized. {\"cwd\":\"A:\\\\Svelte\\\\sveltekit-webpool\\\\functions\",\"node_version\":\"16.0.0\"}"}}
[debug] [2021-08-02T16:41:14.425Z] [runtime-status] [3660] Disabled runtime features: undefined {"metadata":{"emulator":{"name":"functions"},"message":"[runtime-status] [3660] Disabled runtime features: undefined"}}
[debug] [2021-08-02T16:41:14.427Z] [runtime-status] [3660] Resolved module firebase-admin {"declared":true,"installed":true,"version":"9.11.0","resolution":"A:\\Svelte\\sveltekit-webpool\\functions\\node_modules\\firebase-admin\\lib\\index.js"} {"metadata":{"emulator":{"name":"functions"},"message":"[runtime-status] [3660] Resolved module firebase-admin {\"declared\":true,\"installed\":true,\"version\":\"9.11.0\",\"resolution\":\"A:\\\\Svelte\\\\sveltekit-webpool\\\\functions\\\\node_modules\\\\firebase-admin\\\\lib\\\\index.js\"}"}}
[debug] [2021-08-02T16:41:14.428Z] [runtime-status] [3660] Resolved module firebase-functions {"declared":true,"installed":true,"version":"3.14.1","resolution":"A:\\Svelte\\sveltekit-webpool\\functions\\node_modules\\firebase-functions\\lib\\index.js"} {"metadata":{"emulator":{"name":"functions"},"message":"[runtime-status] [3660] Resolved module firebase-functions {\"declared\":true,\"installed\":true,\"version\":\"3.14.1\",\"resolution\":\"A:\\\\Svelte\\\\sveltekit-webpool\\\\functions\\\\node_modules\\\\firebase-functions\\\\lib\\\\index.js\"}"}}
[debug] [2021-08-02T16:41:14.430Z] [runtime-status] [3660] Resolved module firebase-functions {"declared":true,"installed":true,"version":"3.14.1","resolution":"A:\\Svelte\\sveltekit-webpool\\functions\\node_modules\\firebase-functions\\lib\\index.js"} {"metadata":{"emulator":{"name":"functions"},"message":"[runtime-status] [3660] Resolved module firebase-functions {\"declared\":true,\"installed\":true,\"version\":\"3.14.1\",\"resolution\":\"A:\\\\Svelte\\\\sveltekit-webpool\\\\functions\\\\node_modules\\\\firebase-functions\\\\lib\\\\index.js\"}"}}
[debug] [2021-08-02T16:41:14.432Z] [runtime-status] [3660] Outgoing network have been stubbed. [{"name":"http","status":"mocked"},{"name":"http","status":"mocked"},{"name":"https","status":"mocked"},{"name":"https","status":"mocked"},{"name":"net","status":"mocked"}] {"metadata":{"emulator":{"name":"functions"},"message":"[runtime-status] [3660] Outgoing network have been stubbed. [{\"name\":\"http\",\"status\":\"mocked\"},{\"name\":\"http\",\"status\":\"mocked\"},{\"name\":\"https\",\"status\":\"mocked\"},{\"name\":\"https\",\"status\":\"mocked\"},{\"name\":\"net\",\"status\":\"mocked\"}]"}}
[debug] [2021-08-02T16:41:14.432Z] [runtime-status] [3660] Resolved module firebase-functions {"declared":true,"installed":true,"version":"3.14.1","resolution":"A:\\Svelte\\sveltekit-webpool\\functions\\node_modules\\firebase-functions\\lib\\index.js"} {"metadata":{"emulator":{"name":"functions"},"message":"[runtime-status] [3660] Resolved module firebase-functions {\"declared\":true,\"installed\":true,\"version\":\"3.14.1\",\"resolution\":\"A:\\\\Svelte\\\\sveltekit-webpool\\\\functions\\\\node_modules\\\\firebase-functions\\\\lib\\\\index.js\"}"}}
[debug] [2021-08-02T16:41:14.479Z] [runtime-status] [3660] Checked functions.config() {"config":{}} {"metadata":{"emulator":{"name":"functions"},"message":"[runtime-status] [3660] Checked functions.config() {\"config\":{}}"}}
[debug] [2021-08-02T16:41:14.479Z] [runtime-status] [3660] firebase-functions has been stubbed. {"functionsResolution":{"declared":true,"installed":true,"version":"3.14.1","resolution":"A:\\Svelte\\sveltekit-webpool\\functions\\node_modules\\firebase-functions\\lib\\index.js"}} {"metadata":{"emulator":{"name":"functions"},"message":"[runtime-status] [3660] firebase-functions has been stubbed. {\"functionsResolution\":{\"declared\":true,\"installed\":true,\"version\":\"3.14.1\",\"resolution\":\"A:\\\\Svelte\\\\sveltekit-webpool\\\\functions\\\\node_modules\\\\firebase-functions\\\\lib\\\\index.js\"}}"}}
[debug] [2021-08-02T16:41:14.479Z] [runtime-status] [3660] Resolved module firebase-functions {"declared":true,"installed":true,"version":"3.14.1","resolution":"A:\\Svelte\\sveltekit-webpool\\functions\\node_modules\\firebase-functions\\lib\\index.js"} {"metadata":{"emulator":{"name":"functions"},"message":"[runtime-status] [3660] Resolved module firebase-functions {\"declared\":true,\"installed\":true,\"version\":\"3.14.1\",\"resolution\":\"A:\\\\Svelte\\\\sveltekit-webpool\\\\functions\\\\node_modules\\\\firebase-functions\\\\lib\\\\index.js\"}"}}
[debug] [2021-08-02T16:41:14.480Z] [runtime-status] [3660] Resolved module firebase-admin {"declared":true,"installed":true,"version":"9.11.0","resolution":"A:\\Svelte\\sveltekit-webpool\\functions\\node_modules\\firebase-admin\\lib\\index.js"} {"metadata":{"emulator":{"name":"functions"},"message":"[runtime-status] [3660] Resolved module firebase-admin {\"declared\":true,\"installed\":true,\"version\":\"9.11.0\",\"resolution\":\"A:\\\\Svelte\\\\sveltekit-webpool\\\\functions\\\\node_modules\\\\firebase-admin\\\\lib\\\\index.js\"}"}}
[debug] [2021-08-02T16:41:14.481Z] [runtime-status] [3660] Resolved module firebase-functions {"declared":true,"installed":true,"version":"3.14.1","resolution":"A:\\Svelte\\sveltekit-webpool\\functions\\node_modules\\firebase-functions\\lib\\index.js"} {"metadata":{"emulator":{"name":"functions"},"message":"[runtime-status] [3660] Resolved module firebase-functions {\"declared\":true,\"installed\":true,\"version\":\"3.14.1\",\"resolution\":\"A:\\\\Svelte\\\\sveltekit-webpool\\\\functions\\\\node_modules\\\\firebase-functions\\\\lib\\\\index.js\"}"}}
[debug] [2021-08-02T16:41:14.481Z] [runtime-status] [3660] firebase-admin has been stubbed. {"adminResolution":{"declared":true,"installed":true,"version":"9.11.0","resolution":"A:\\Svelte\\sveltekit-webpool\\functions\\node_modules\\firebase-admin\\lib\\index.js"}} {"metadata":{"emulator":{"name":"functions"},"message":"[runtime-status] [3660] firebase-admin has been stubbed. {\"adminResolution\":{\"declared\":true,\"installed\":true,\"version\":\"9.11.0\",\"resolution\":\"A:\\\\Svelte\\\\sveltekit-webpool\\\\functions\\\\node_modules\\\\firebase-admin\\\\lib\\\\index.js\"}}"}}
[warn] !  A:\Svelte\sveltekit-webpool\functions\lib\ssrServer\index.js:1
import * as functions from 'firebase-functions'
^^^^^^

SyntaxError: Cannot use import statement outside a module
    at Object.compileFunction (node:vm:355:18)
    at wrapSafe (node:internal/modules/cjs/loader:1038:15)
    at Module._compile (node:internal/modules/cjs/loader:1072:27)
    at Object.Module._extensions..js (node:internal/modules/cjs/loader:1137:10)
    at Module.load (node:internal/modules/cjs/loader:988:32)
    at Function.Module._load (node:internal/modules/cjs/loader:828:14)
    at Module.require (node:internal/modules/cjs/loader:1012:19)
    at require (node:internal/modules/cjs/helpers:93:18)
    at initializeRuntime (A:\Svelte\sveltekit-webpool\node_modules\firebase-tools\lib\emulator\functionsEmulatorRuntime.js:687:29)
    at processTicksAndRejections (node:internal/process/task_queues:96:5) {"metadata":{"emulator":{"name":"functions"},"message":"A:\\Svelte\\sveltekit-webpool\\functions\\lib\\ssrServer\\index.js:1\nimport * as functions from 'firebase-functions'\n^^^^^^\n\nSyntaxError: Cannot use import statement outside a module\n    at Object.compileFunction (node:vm:355:18)\n    at wrapSafe (node:internal/modules/cjs/loader:1038:15)\n    at Module._compile (node:internal/modules/cjs/loader:1072:27)\n    at Object.Module._extensions..js (node:internal/modules/cjs/loader:1137:10)\n    at Module.load (node:internal/modules/cjs/loader:988:32)\n    at Function.Module._load (node:internal/modules/cjs/loader:828:14)\n    at Module.require (node:internal/modules/cjs/loader:1012:19)\n    at require (node:internal/modules/cjs/helpers:93:18)\n    at initializeRuntime (A:\\Svelte\\sveltekit-webpool\\node_modules\\firebase-tools\\lib\\emulator\\functionsEmulatorRuntime.js:687:29)\n    at processTicksAndRejections (node:internal/process/task_queues:96:5)"}}
[warn] !  We were unable to load your functions code. (see above)
   - It appears your code is written in Typescript, which must be compiled before emulation.
   - You may be able to run "npm run build" in your functions directory to resolve this. {"metadata":{"emulator":{"name":"functions"}}}
[debug] [2021-08-02T16:41:14.517Z] [worker-~diagnostic~-fe4409ec-444b-4aa5-aace-aa6cab0cd543]: exited {"metadata":{"emulator":{"name":"functions"},"message":"[worker-~diagnostic~-fe4409ec-444b-4aa5-aace-aa6cab0cd543]: exited"}}
[debug] [2021-08-02T16:41:14.517Z] [worker-~diagnostic~-fe4409ec-444b-4aa5-aace-aa6cab0cd543]: FINISHED {"metadata":{"emulator":{"name":"functions"},"message":"[worker-~diagnostic~-fe4409ec-444b-4aa5-aace-aa6cab0cd543]: FINISHED"}}
[debug] [2021-08-02T16:41:27.158Z] ----------------------------------------------------------------------
[debug] [2021-08-02T16:41:27.160Z] Command:       C:\Program Files\nodejs\node.exe A:\Svelte\sveltekit-webpool\node_modules\firebase-tools\lib\bin\firebase.js functions:shell
[debug] [2021-08-02T16:41:27.160Z] CLI Version:   9.16.0
[debug] [2021-08-02T16:41:27.160Z] Platform:      win32
[debug] [2021-08-02T16:41:27.160Z] Node Version:  v16.0.0
[debug] [2021-08-02T16:41:27.161Z] Time:          Mon Aug 02 2021 12:41:27 GMT-0400 (Eastern Daylight Time)
[debug] [2021-08-02T16:41:27.161Z] ----------------------------------------------------------------------
[debug] 
[debug] [2021-08-02T16:41:27.212Z] > command requires scopes: ["email","openid","https://www.googleapis.com/auth/cloudplatformprojects.readonly","https://www.googleapis.com/auth/firebase","https://www.googleapis.com/auth/cloud-platform"]
[debug] [2021-08-02T16:41:27.212Z] > authorizing via signed-in user (jrmoynihan@gmail.com)
[debug] [2021-08-02T16:41:27.212Z] [iam] checking project tonyswebpool for permissions ["firebase.projects.get"]
[debug] [2021-08-02T16:41:27.215Z] > refreshing access token with scopes: ["email","https://www.googleapis.com/auth/cloud-platform","https://www.googleapis.com/auth/cloudplatformprojects.readonly","https://www.googleapis.com/auth/firebase","openid"]
[debug] [2021-08-02T16:41:27.215Z] >>> HTTP REQUEST POST https://www.googleapis.com/oauth2/v3/token  
 <request body omitted>
[debug] [2021-08-02T16:41:27.398Z] <<< HTTP RESPONSE 200 {"date":"Mon, 02 Aug 2021 16:41:27 GMT","cache-control":"no-cache, no-store, max-age=0, must-revalidate","expires":"Mon, 01 Jan 1990 00:00:00 GMT","pragma":"no-cache","content-type":"application/json; charset=utf-8","vary":"X-Origin, Referer, Origin,Accept-Encoding","server":"scaffolding on HTTPServer2","x-xss-protection":"0","x-frame-options":"SAMEORIGIN","x-content-type-options":"nosniff","alt-svc":"h3=\":443\"; ma=2592000,h3-29=\":443\"; ma=2592000,h3-T051=\":443\"; ma=2592000,h3-Q050=\":443\"; ma=2592000,h3-Q046=\":443\"; ma=2592000,h3-Q043=\":443\"; ma=2592000,quic=\":443\"; ma=2592000; v=\"46,43\"","accept-ranges":"none","transfer-encoding":"chunked"}
[debug] [2021-08-02T16:41:27.406Z] >>> HTTP REQUEST POST https://cloudresourcemanager.googleapis.com/v1/projects/tonyswebpool:testIamPermissions  
 {"permissions":["firebase.projects.get"]}
[debug] [2021-08-02T16:41:27.693Z] <<< HTTP RESPONSE 200 {"content-type":"application/json; charset=UTF-8","vary":"X-Origin, Referer, Origin,Accept-Encoding","date":"Mon, 02 Aug 2021 16:41:27 GMT","server":"ESF","cache-control":"private","x-xss-protection":"0","x-frame-options":"SAMEORIGIN","x-content-type-options":"nosniff","server-timing":"gfet4t7; dur=135","alt-svc":"h3=\":443\"; ma=2592000,h3-29=\":443\"; ma=2592000,h3-T051=\":443\"; ma=2592000,h3-Q050=\":443\"; ma=2592000,h3-Q046=\":443\"; ma=2592000,h3-Q043=\":443\"; ma=2592000,quic=\":443\"; ma=2592000; v=\"46,43\"","accept-ranges":"none","transfer-encoding":"chunked"}
[debug] [2021-08-02T16:41:27.694Z] >>> HTTP REQUEST GET http://localhost:4400/emulators  
 
[debug] [2021-08-02T16:41:27.840Z] Error: connect ECONNREFUSED 127.0.0.1:4400
    at TCPConnectWrap.afterConnect [as oncomplete] (node:net:1133:16)
[error] 
[error] Error: Server Error. connect ECONNREFUSED 127.0.0.1:4400
