[debug] [2021-09-20T23:33:23.393Z] ----------------------------------------------------------------------
[debug] [2021-09-20T23:33:23.395Z] Command:       C:\Program Files\nodejs\node.exe C:\Users\jrmoy\AppData\Roaming\npm\node_modules\firebase-tools\lib\bin\firebase.js emulators:start
[debug] [2021-09-20T23:33:23.395Z] CLI Version:   9.18.0
[debug] [2021-09-20T23:33:23.395Z] Platform:      win32
[debug] [2021-09-20T23:33:23.395Z] Node Version:  v16.0.0
[debug] [2021-09-20T23:33:23.396Z] Time:          Mon Sep 20 2021 19:33:23 GMT-0400 (Eastern Daylight Time)
[debug] [2021-09-20T23:33:23.396Z] ----------------------------------------------------------------------
[debug] 
[debug] [2021-09-20T23:33:23.443Z] > command requires scopes: ["email","openid","https://www.googleapis.com/auth/cloudplatformprojects.readonly","https://www.googleapis.com/auth/firebase","https://www.googleapis.com/auth/cloud-platform"]
[debug] [2021-09-20T23:33:23.443Z] > authorizing via signed-in user (jrmoynihan@gmail.com)
[info] i  emulators: Starting emulators: auth, functions, firestore, database, hosting {"metadata":{"emulator":{"name":"hub"},"message":"Starting emulators: auth, functions, firestore, database, hosting"}}
[debug] [2021-09-20T23:33:23.465Z] [hub] writing locator at C:\Users\jrmoy\AppData\Local\Temp\hub-tonyswebpool.json
[warn] !  functions: The following emulators are not running, calls to these services from the Functions emulator will affect production: pubsub, storage {"metadata":{"emulator":{"name":"functions"},"message":"The following emulators are not running, calls to these services from the Functions emulator will affect production: \u001b[1mpubsub, storage\u001b[22m"}}
[warn] !  Your requested "node" version "14" doesn't match your global version "16" {"metadata":{"emulator":{"name":"functions"},"message":"Your requested \"node\" version \"14\" doesn't match your global version \"16\""}}
[debug] [2021-09-20T23:33:23.516Z] defaultcredentials: writing to file C:\Users\jrmoy\AppData\Roaming\firebase\jrmoynihan_gmail_com_application_default_credentials.json
[debug] [2021-09-20T23:33:23.518Z] Setting GAC to C:\Users\jrmoy\AppData\Roaming\firebase\jrmoynihan_gmail_com_application_default_credentials.json {"metadata":{"emulator":{"name":"functions"},"message":"Setting GAC to C:\\Users\\jrmoy\\AppData\\Roaming\\firebase\\jrmoynihan_gmail_com_application_default_credentials.json"}}
[debug] [2021-09-20T23:33:23.519Z] > refreshing access token with scopes: []
[debug] [2021-09-20T23:33:23.520Z] >>> HTTP REQUEST POST https://www.googleapis.com/oauth2/v3/token  
 <request body omitted>
[debug] [2021-09-20T23:33:23.690Z] <<< HTTP RESPONSE 200 {"cache-control":"no-cache, no-store, max-age=0, must-revalidate","pragma":"no-cache","date":"Mon, 20 Sep 2021 23:33:23 GMT","expires":"Mon, 01 Jan 1990 00:00:00 GMT","content-type":"application/json; charset=utf-8","vary":"X-Origin, Referer, Origin,Accept-Encoding","server":"scaffolding on HTTPServer2","x-xss-protection":"0","x-frame-options":"SAMEORIGIN","x-content-type-options":"nosniff","alt-svc":"h3=\":443\"; ma=2592000,h3-29=\":443\"; ma=2592000,h3-T051=\":443\"; ma=2592000,h3-Q050=\":443\"; ma=2592000,h3-Q046=\":443\"; ma=2592000,h3-Q043=\":443\"; ma=2592000,quic=\":443\"; ma=2592000; v=\"46,43\"","accept-ranges":"none","transfer-encoding":"chunked"}
[debug] [2021-09-20T23:33:23.698Z] >>> [apiv2][query] GET https://firebase.googleapis.com/v1beta1/projects/tonyswebpool/adminSdkConfig [none]
[debug] [2021-09-20T23:33:24.078Z] <<< [apiv2][status] GET https://firebase.googleapis.com/v1beta1/projects/tonyswebpool/adminSdkConfig 200
[debug] [2021-09-20T23:33:24.078Z] <<< [apiv2][body] GET https://firebase.googleapis.com/v1beta1/projects/tonyswebpool/adminSdkConfig {"projectId":"tonyswebpool","databaseURL":"https://tonyswebpool.firebaseio.com","storageBucket":"tonyswebpool.appspot.com","locationId":"us-east4"}
[debug] [2021-09-20T23:33:24.091Z] Ignoring unsupported arg: projectId {"metadata":{"emulator":{"name":"firestore"},"message":"Ignoring unsupported arg: projectId"}}
[debug] [2021-09-20T23:33:24.091Z] Ignoring unsupported arg: auto_download {"metadata":{"emulator":{"name":"firestore"},"message":"Ignoring unsupported arg: auto_download"}}
[debug] [2021-09-20T23:33:24.091Z] Starting Firestore Emulator with command {"binary":"java","args":["-Dgoogle.cloud_firestore.debug_log_level=FINE","-Duser.language=en","-jar","C:\\Users\\jrmoy\\.cache\\firebase\\emulators\\cloud-firestore-emulator-v1.13.1.jar","--host","localhost","--port",8080,"--rules","A:\\Svelte\\sveltekit-webpool\\firestore.rules","--functions_emulator","localhost:5001"],"optionalArgs":["port","webchannel_port","host","rules","functions_emulator","seed_from_export"],"joinArgs":false} {"metadata":{"emulator":{"name":"firestore"},"message":"Starting Firestore Emulator with command {\"binary\":\"java\",\"args\":[\"-Dgoogle.cloud_firestore.debug_log_level=FINE\",\"-Duser.language=en\",\"-jar\",\"C:\\\\Users\\\\jrmoy\\\\.cache\\\\firebase\\\\emulators\\\\cloud-firestore-emulator-v1.13.1.jar\",\"--host\",\"localhost\",\"--port\",8080,\"--rules\",\"A:\\\\Svelte\\\\sveltekit-webpool\\\\firestore.rules\",\"--functions_emulator\",\"localhost:5001\"],\"optionalArgs\":[\"port\",\"webchannel_port\",\"host\",\"rules\",\"functions_emulator\",\"seed_from_export\"],\"joinArgs\":false}"}}
[info] i  firestore: Firestore Emulator logging to firestore-debug.log {"metadata":{"emulator":{"name":"firestore"},"message":"Firestore Emulator logging to \u001b[1mfirestore-debug.log\u001b[22m"}}
[debug] [2021-09-20T23:33:25.113Z] Sep 20, 2021 7:33:25 PM com.google.cloud.datastore.emulator.firestore.websocket.WebSocketServer start
INFO: Started WebSocket server on ws://localhost:52423
 {"metadata":{"emulator":{"name":"firestore"},"message":"Sep 20, 2021 7:33:25 PM com.google.cloud.datastore.emulator.firestore.websocket.WebSocketServer start\r\nINFO: Started WebSocket server on ws://localhost:52423\r\n"}}
[debug] [2021-09-20T23:33:25.155Z] API endpoint: http://localhost: {"metadata":{"emulator":{"name":"firestore"},"message":"API endpoint: http://localhost:"}}
[debug] [2021-09-20T23:33:25.155Z] 8080
If you are using a library that supports the FIRESTORE_EMULATOR_HOST environment variable, run:

   export FIRESTORE_EMULATOR_HOST=localhost:8080

Dev App Server is now running.

 {"metadata":{"emulator":{"name":"firestore"},"message":"8080\nIf you are using a library that supports the FIRESTORE_EMULATOR_HOST environment variable, run:\r\n\n   export FIRESTORE_EMULATOR_HOST=localhost:8080\n\nDev App Server is now running.\n\r\n"}}
[debug] [2021-09-20T23:33:25.399Z] >>> [apiv2][query] GET https://firebase.googleapis.com/v1beta1/projects/tonyswebpool [none]
[debug] [2021-09-20T23:33:25.660Z] <<< [apiv2][status] GET https://firebase.googleapis.com/v1beta1/projects/tonyswebpool 200
[debug] [2021-09-20T23:33:25.660Z] <<< [apiv2][body] GET https://firebase.googleapis.com/v1beta1/projects/tonyswebpool {"projectId":"tonyswebpool","projectNumber":"1009472673898","displayName":"WebPool","name":"projects/tonyswebpool","resources":{"hostingSite":"tonyswebpool","realtimeDatabaseInstance":"tonyswebpool","storageBucket":"tonyswebpool.appspot.com","locationId":"us-east4"},"state":"ACTIVE"}
[debug] [2021-09-20T23:33:25.660Z] database rules config:  [{"instance":"tonyswebpool","rules":"A:\\Svelte\\sveltekit-webpool\\database.rules.json"}]
[debug] [2021-09-20T23:33:25.662Z] Ignoring unsupported arg: projectId {"metadata":{"emulator":{"name":"database"},"message":"Ignoring unsupported arg: projectId"}}
[debug] [2021-09-20T23:33:25.662Z] Ignoring unsupported arg: auto_download {"metadata":{"emulator":{"name":"database"},"message":"Ignoring unsupported arg: auto_download"}}
[debug] [2021-09-20T23:33:25.662Z] Ignoring unsupported arg: rules {"metadata":{"emulator":{"name":"database"},"message":"Ignoring unsupported arg: rules"}}
[debug] [2021-09-20T23:33:25.663Z] Starting Database Emulator with command {"binary":"java","args":["-Duser.language=en","-jar","C:\\Users\\jrmoy\\.cache\\firebase\\emulators\\firebase-database-emulator-v4.7.2.jar","--host","localhost","--port",9000,"--functions_emulator_host","localhost","--functions_emulator_port",5001],"optionalArgs":["port","host","functions_emulator_port","functions_emulator_host"],"joinArgs":false} {"metadata":{"emulator":{"name":"database"},"message":"Starting Database Emulator with command {\"binary\":\"java\",\"args\":[\"-Duser.language=en\",\"-jar\",\"C:\\\\Users\\\\jrmoy\\\\.cache\\\\firebase\\\\emulators\\\\firebase-database-emulator-v4.7.2.jar\",\"--host\",\"localhost\",\"--port\",9000,\"--functions_emulator_host\",\"localhost\",\"--functions_emulator_port\",5001],\"optionalArgs\":[\"port\",\"host\",\"functions_emulator_port\",\"functions_emulator_host\"],\"joinArgs\":false}"}}
[info] i  database: Database Emulator logging to database-debug.log {"metadata":{"emulator":{"name":"database"},"message":"Database Emulator logging to \u001b[1mdatabase-debug.log\u001b[22m"}}
